<?xml version="1.0" encoding="UTF-8"?>
<testng-results skipped="0" failed="0" total="3" passed="3">
  <reporter-output>
  </reporter-output>
  <suite name="Default suite" duration-ms="31" started-at="2021-11-12T15:00:44Z" finished-at="2021-11-12T15:00:44Z">
    <groups>
    </groups>
    <test name="Default test" duration-ms="31" started-at="2021-11-12T15:00:44Z" finished-at="2021-11-12T15:00:44Z">
      <class name="org.firstproject.FirstProject2">
        <test-method status="PASS" signature="tc4()[pri:0, instance:org.firstproject.FirstProject2@babb1]" name="tc4" duration-ms="15" started-at="2021-11-12T20:30:44Z" finished-at="2021-11-12T20:30:44Z">
          <reporter-output>
          </reporter-output>
        </test-method> <!-- tc4 -->
        <test-method status="PASS" signature="tc5()[pri:0, instance:org.firstproject.FirstProject2@babb1]" name="tc5" duration-ms="0" started-at="2021-11-12T20:30:44Z" finished-at="2021-11-12T20:30:44Z">
          <reporter-output>
          </reporter-output>
        </test-method> <!-- tc5 -->
        <test-method status="PASS" signature="tc6()[pri:0, instance:org.firstproject.FirstProject2@babb1]" name="tc6" duration-ms="0" started-at="2021-11-12T20:30:44Z" finished-at="2021-11-12T20:30:44Z">
          <reporter-output>
          </reporter-output>
        </test-method> <!-- tc6 -->
      </class> <!-- org.firstproject.FirstProject2 -->
    </test> <!-- Default test -->
  </suite> <!-- Default suite -->
</testng-results>
